<?xml version="1.0" encoding="UTF-8"?>
<!-- Generated by org.testng.reporters.JUnitReportReporter -->
<testsuite hostname="MSI" failures="0" tests="1" name="testng.CardTest" time="0.004" errors="0" timestamp="2023-11-19T20:17:04 IST" skipped="0">
  <testcase classname="testng.CardTest" name="TC01_CreditCardTest" time="0.004"/>
  <system-out/>
</testsuite> <!-- testng.CardTest -->
