<?xml version="1.0" encoding="UTF-8"?>
<!-- Generated by org.testng.reporters.JUnitReportReporter -->
<testsuite hostname="MSI" failures="0" tests="3" name="testng.LoanTest" time="0.004" errors="0" timestamp="2023-11-19T20:17:04 IST" skipped="0">
  <testcase classname="testng.LoanTest" name="TC01_HomeLoanTest" time="0.001"/>
  <system-out/>
  <testcase classname="testng.LoanTest" name="TC00_PersonalLoanTest" time="0.002"/>
  <system-out/>
  <testcase classname="testng.LoanTest" name="TC02_CarLoanTest" time="0.001"/>
  <system-out/>
</testsuite> <!-- testng.LoanTest -->
